<?xml version="1.0" encoding="UTF-8"?>
<!-- Generated by org.testng.reporters.JUnitReportReporter -->
<testsuite hostname="Harry" failures="0" tests="2" name="testngBasics.Working_with_testng" time="0.030" errors="0" timestamp="2023-05-30T11:57:24 IST" skipped="0">
  <testcase classname="testngBasics.Working_with_testng" name="demo" time="0.022"/>
  <system-out/>
  <testcase classname="testngBasics.Working_with_testng" name="demo1" time="0.008"/>
  <system-out/>
</testsuite> <!-- testngBasics.Working_with_testng -->
