<?xml version="1.0" encoding="UTF-8"?>
<!-- Generated by org.testng.reporters.JUnitReportReporter -->
<testsuite hostname="Harry" failures="0" tests="7" name="testngBasics.work_with_priority" time="0.021" errors="0" timestamp="2023-06-01T15:59:27 IST" skipped="0">
  <testcase classname="testngBasics.work_with_priority" name="A" time="0.001"/>
  <system-out/>
  <testcase classname="testngBasics.work_with_priority" name="B" time="0.013"/>
  <system-out/>
  <testcase classname="testngBasics.work_with_priority" name="D" time="0.002"/>
  <system-out/>
  <testcase classname="testngBasics.work_with_priority" name="C" time="0.001"/>
  <system-out/>
  <testcase classname="testngBasics.work_with_priority" name="E" time="0.001"/>
  <system-out/>
  <testcase classname="testngBasics.work_with_priority" name="E" time="0.002"/>
  <system-out/>
  <testcase classname="testngBasics.work_with_priority" name="E" time="0.001"/>
  <system-out/>
</testsuite> <!-- testngBasics.work_with_priority -->
