<?xml version="1.0" encoding="UTF-8"?>
<!-- Generated by org.testng.reporters.JUnitReportReporter -->
<testsuite hostname="Harry" failures="0" tests="1" name="testngBasics.learningTakeschreenshot" time="8.108" errors="0" timestamp="2023-06-12T12:59:35 IST" skipped="0">
  <testcase classname="testngBasics.learningTakeschreenshot" name="Takescreenshot" time="8.108"/>
  <system-out/>
</testsuite> <!-- testngBasics.learningTakeschreenshot -->
