<?xml version="1.0" encoding="UTF-8"?>
<!-- Generated by org.testng.reporters.JUnitReportReporter -->
<testsuite hostname="Harry" failures="0" tests="4" name="testcases.loginTest" time="32.235" errors="0" timestamp="2023-06-12T15:04:55 IST" skipped="0">
  <testcase classname="testcases.loginTest" name="search" time="9.360"/>
  <system-out/>
  <testcase classname="testcases.loginTest" name="search" time="7.363"/>
  <system-out/>
  <testcase classname="testcases.loginTest" name="search" time="7.893"/>
  <system-out/>
  <testcase classname="testcases.loginTest" name="search" time="7.619"/>
  <system-out/>
</testsuite> <!-- testcases.loginTest -->
