<?xml version="1.0" encoding="UTF-8"?>
<!-- Generated by org.testng.reporters.JUnitReportReporter -->
<testsuite hostname="Harry" failures="0" tests="2" name="testngBasics.work_with_dataProvider" time="12.285" errors="0" timestamp="2023-06-05T12:03:57 IST" skipped="0">
  <testcase classname="testngBasics.work_with_dataProvider" name="demoDataProvider" time="6.739"/>
  <system-out/>
  <testcase classname="testngBasics.work_with_dataProvider" name="demoDataProvider" time="5.546"/>
  <system-out/>
</testsuite> <!-- testngBasics.work_with_dataProvider -->
