<?xml version="1.0" encoding="UTF-8"?>
<!-- Generated by org.testng.reporters.JUnitReportReporter -->
<testsuite hostname="Harry" failures="0" tests="1" name="testcases.DWS_search" time="2.812" errors="0" timestamp="2023-06-12T15:04:55 IST" skipped="0">
  <testcase classname="testcases.DWS_search" name="search" time="2.812"/>
  <system-out/>
</testsuite> <!-- testcases.DWS_search -->
