<?xml version="1.0" encoding="UTF-8"?>
<!-- Generated by org.testng.reporters.JUnitReportReporter -->
<testsuite hostname="Harry" failures="0" tests="3" name="testngBasics.working_with_annotation" time="0.058" errors="0" timestamp="2023-06-01T17:19:15 IST" skipped="0">
  <testcase classname="testngBasics.working_with_annotation" name="Demo" time="0.008"/>
  <system-out>
    <![CDATA[Demoo]]>
  </system-out>
  <testcase classname="testngBasics.working_with_annotation" name="Demo" time="0.009"/>
  <system-out>
    <![CDATA[Demoo]]>
  </system-out>
  <testcase classname="testngBasics.working_with_annotation" name="car" time="0.041"/>
  <system-out>
    <![CDATA[carr]]>
  </system-out>
</testsuite> <!-- testngBasics.working_with_annotation -->
