<?xml version="1.0" encoding="UTF-8"?>
<!-- Generated by org.testng.reporters.JUnitReportReporter -->
<testsuite hostname="Harry" failures="0" tests="1" name="testngBasics.LearningJavaScriptExecuter" time="6.733" errors="0" timestamp="2023-06-13T16:32:49 IST" skipped="0">
  <testcase classname="testngBasics.LearningJavaScriptExecuter" name="Handle_hiddenEle" time="6.733"/>
  <system-out/>
</testsuite> <!-- testngBasics.LearningJavaScriptExecuter -->
