<?xml version="1.0" encoding="UTF-8"?>
<!-- Generated by org.testng.reporters.JUnitReportReporter -->
<testsuite hostname="Harry" failures="0" tests="3" name="testngBasics.work_with_testng" time="0.054" errors="0" timestamp="2023-06-01T12:19:55 IST" skipped="0">
  <testcase classname="testngBasics.work_with_testng" name="Logout" time="0.005"/>
  <system-out/>
  <testcase classname="testngBasics.work_with_testng" name="Register" time="0.004"/>
  <system-out/>
  <testcase classname="testngBasics.work_with_testng" name="Login" time="0.045"/>
  <system-out/>
</testsuite> <!-- testngBasics.work_with_testng -->
